23:33:42.278 [main] DEBUG SentenceParser - with
23:33:42.293 [main] DEBUG SentenceParser - the
23:33:42.293 [main] DEBUG SentenceParser - release
23:33:42.293 [main] DEBUG SentenceParser - of
23:33:42.293 [main] DEBUG SentenceParser - Letraset
23:33:42.293 [main] DEBUG SentenceParser - sheets
23:33:42.293 [main] DEBUG SentenceParser - containing
23:33:42.293 [main] DEBUG SentenceParser - Lorem
23:33:42.293 [main] DEBUG SentenceParser - Ipsum
23:33:42.293 [main] DEBUG SentenceParser - passages,
23:33:42.293 [main] DEBUG SentenceParser - and
23:33:42.293 [main] DEBUG SentenceParser - more
23:33:42.293 [main] DEBUG SentenceParser - recently
23:33:42.293 [main] DEBUG SentenceParser - with
23:33:42.293 [main] DEBUG SentenceParser - desktop
23:33:42.293 [main] DEBUG SentenceParser - publishing
23:33:42.293 [main] DEBUG SentenceParser - software
23:33:42.293 [main] DEBUG SentenceParser - like
23:33:42.293 [main] DEBUG SentenceParser - Aldus
23:33:42.293 [main] DEBUG SentenceParser - PageMaker
23:33:42.293 [main] DEBUG SentenceParser - including
23:33:42.293 [main] DEBUG SentenceParser - versions
23:33:42.293 [main] DEBUG SentenceParser - of
23:33:42.293 [main] DEBUG SentenceParser - Lorem
23:33:42.293 [main] DEBUG SentenceParser - Ipsum.
23:33:42.309 [main] DEBUG TextParser - It is a long established fact that a reader will be distracted by the readable content of a page when looking at its layout. The point of using (71-(2*i--*(3*(2-1/2*2)-2)-10/2))*++i Ipsum is that it has a more-or-less normal distribution of letters, as opposed to using 'Content here, content here', making it look like readable English.
23:33:42.309 [main] DEBUG ParagraphParser - It is a long established fact that a reader will be distracted by the readable content of a page when looking at its layout.
23:33:42.309 [main] DEBUG SentenceParser - It
23:33:42.309 [main] DEBUG SentenceParser - is
23:33:42.309 [main] DEBUG SentenceParser - a
23:33:42.309 [main] DEBUG SentenceParser - long
23:33:42.309 [main] DEBUG SentenceParser - established
23:33:42.309 [main] DEBUG SentenceParser - fact
23:33:42.309 [main] DEBUG SentenceParser - that
23:33:42.309 [main] DEBUG SentenceParser - a
23:33:42.309 [main] DEBUG SentenceParser - reader
23:33:42.309 [main] DEBUG SentenceParser - will
23:33:42.309 [main] DEBUG SentenceParser - be
23:33:42.309 [main] DEBUG SentenceParser - distracted
23:33:42.309 [main] DEBUG SentenceParser - by
23:33:42.309 [main] DEBUG SentenceParser - the
23:33:42.309 [main] DEBUG SentenceParser - readable
23:33:42.309 [main] DEBUG SentenceParser - content
23:33:42.309 [main] DEBUG SentenceParser - of
23:33:42.309 [main] DEBUG SentenceParser - a
23:33:42.309 [main] DEBUG SentenceParser - page
23:33:42.309 [main] DEBUG SentenceParser - when
23:33:42.309 [main] DEBUG SentenceParser - looking
23:33:42.309 [main] DEBUG SentenceParser - at
23:33:42.309 [main] DEBUG SentenceParser - its
23:33:42.309 [main] DEBUG SentenceParser - layout.
23:33:42.309 [main] DEBUG ParagraphParser -  The point of using (71-(2*i--*(3*(2-1/2*2)-2)-10/2))*++i Ipsum is that it has a more-or-less normal distribution of letters, as opposed to using 'Content here, content here', making it look like readable English.
23:33:42.309 [main] DEBUG SentenceParser - The
23:33:42.309 [main] DEBUG SentenceParser - point
23:33:42.309 [main] DEBUG SentenceParser - of
23:33:42.309 [main] DEBUG SentenceParser - using
23:33:42.309 [main] DEBUG SentenceParser - (71-(2*i--*(3*(2-1/2*2)-2)-10/2))*++i 
23:33:42.309 [main] DEBUG SentenceParser - Ipsum
23:33:42.309 [main] DEBUG SentenceParser - is
23:33:42.309 [main] DEBUG SentenceParser - that
23:33:42.309 [main] DEBUG SentenceParser - it
23:33:42.309 [main] DEBUG SentenceParser - has
23:33:42.309 [main] DEBUG SentenceParser - a
23:33:42.309 [main] DEBUG SentenceParser - more-or-less
23:33:42.309 [main] DEBUG SentenceParser - normal
23:33:42.309 [main] DEBUG SentenceParser - distribution
23:33:42.309 [main] DEBUG SentenceParser - of
23:33:42.309 [main] DEBUG SentenceParser - letters,
23:33:42.309 [main] DEBUG SentenceParser - as
23:33:42.309 [main] DEBUG SentenceParser - opposed
23:33:42.309 [main] DEBUG SentenceParser - to
23:33:42.309 [main] DEBUG SentenceParser - using
23:33:42.309 [main] DEBUG SentenceParser - 'Content
23:33:42.309 [main] DEBUG SentenceParser - here,
23:33:42.309 [main] DEBUG SentenceParser - content
23:33:42.309 [main] DEBUG SentenceParser - here',
23:33:42.309 [main] DEBUG SentenceParser - making
23:33:42.309 [main] DEBUG SentenceParser - it
23:33:42.309 [main] DEBUG SentenceParser - look
23:33:42.309 [main] DEBUG SentenceParser - like
23:33:42.309 [main] DEBUG SentenceParser - readable
23:33:42.325 [main] DEBUG SentenceParser - English.
23:33:42.325 [main] DEBUG TextParser - It is a (-5+1/2*(2+5*2- --j))*1200 established fact that a reader will be of a page when looking at its layout.
23:33:42.325 [main] DEBUG ParagraphParser - It is a (-5+1/2*(2+5*2- --j))*1200 established fact that a reader will be of a page when looking at its layout.
23:33:42.325 [main] DEBUG SentenceParser - It
23:33:42.325 [main] DEBUG SentenceParser - is
23:33:42.325 [main] DEBUG SentenceParser - a
23:33:42.325 [main] DEBUG SentenceParser - (-5+1/2*(2+5*2- --j))*1200 
23:33:42.325 [main] DEBUG SentenceParser - established
23:33:42.325 [main] DEBUG SentenceParser - fact
23:33:42.325 [main] DEBUG SentenceParser - that
23:33:42.325 [main] DEBUG SentenceParser - a
23:33:42.325 [main] DEBUG SentenceParser - reader
23:33:42.325 [main] DEBUG SentenceParser - will
23:33:42.325 [main] DEBUG SentenceParser - be
23:33:42.325 [main] DEBUG SentenceParser - of
23:33:42.325 [main] DEBUG SentenceParser - a
23:33:42.325 [main] DEBUG SentenceParser - page
23:33:42.325 [main] DEBUG SentenceParser - when
23:33:42.325 [main] DEBUG SentenceParser - looking
23:33:42.325 [main] DEBUG SentenceParser - at
23:33:42.325 [main] DEBUG SentenceParser - its
23:33:42.325 [main] DEBUG SentenceParser - layout.
